Using pre-set license
Built from '2022.2/staging' branch; Version is '2022.2.15f1 (30d813e1a2a9) revision 3201043'; Using compiler version '192829333'; Build Type 'Release'
OS: 'Windows 11  (10.0.22621) 64bit Core' Language: 'en' Physical Memory: 14188 MB
BatchMode: 1, IsHumanControllingUs: 0, StartBugReporterOnCrash: 0, Is64bit: 1, IsPro: 1

COMMAND LINE ARGUMENTS:
C:\Program Files\Unity\Hub\Editor\2022.2.15f1\Editor\Unity.exe
-adb2
-batchMode
-noUpm
-name
AssetImportWorker1
-projectPath
C:/Users/thema/Unity Project Files/PGGE-A1-Practical/Assignment1_UnityProject
-logFile
Logs/AssetImportWorker1.log
-srvPort
52791
Successfully changed project path to: C:/Users/thema/Unity Project Files/PGGE-A1-Practical/Assignment1_UnityProject
C:/Users/thema/Unity Project Files/PGGE-A1-Practical/Assignment1_UnityProject
[UnityMemory] Configuration Parameters - Can be set up in boot.config
    "memorysetup-bucket-allocator-granularity=16"
    "memorysetup-bucket-allocator-bucket-count=8"
    "memorysetup-bucket-allocator-block-size=33554432"
    "memorysetup-bucket-allocator-block-count=8"
    "memorysetup-main-allocator-block-size=16777216"
    "memorysetup-thread-allocator-block-size=16777216"
    "memorysetup-gfx-main-allocator-block-size=16777216"
    "memorysetup-gfx-thread-allocator-block-size=16777216"
    "memorysetup-cache-allocator-block-size=4194304"
    "memorysetup-typetree-allocator-block-size=2097152"
    "memorysetup-profiler-bucket-allocator-granularity=16"
    "memorysetup-profiler-bucket-allocator-bucket-count=8"
    "memorysetup-profiler-bucket-allocator-block-size=33554432"
    "memorysetup-profiler-bucket-allocator-block-count=8"
    "memorysetup-profiler-allocator-block-size=16777216"
    "memorysetup-profiler-editor-allocator-block-size=1048576"
    "memorysetup-temp-allocator-size-main=16777216"
    "memorysetup-job-temp-allocator-block-size=2097152"
    "memorysetup-job-temp-allocator-block-size-background=1048576"
    "memorysetup-job-temp-allocator-reduction-small-platforms=262144"
    "memorysetup-temp-allocator-size-background-worker=32768"
    "memorysetup-temp-allocator-size-job-worker=262144"
    "memorysetup-temp-allocator-size-preload-manager=33554432"
    "memorysetup-temp-allocator-size-nav-mesh-worker=65536"
    "memorysetup-temp-allocator-size-audio-worker=65536"
    "memorysetup-temp-allocator-size-cloud-worker=32768"
    "memorysetup-temp-allocator-size-gi-baking-worker=262144"
    "memorysetup-temp-allocator-size-gfx=262144"
Player connection [31724] Host "[IP] 192.168.56.1 [Port] 0 [Flags] 2 [Guid] 2358957934 [EditorId] 2358957934 [Version] 1048832 [Id] WindowsEditor(7,Tim) [Debug] 1 [PackageName] WindowsEditor [ProjectName] Editor" joined multi-casting on [225.0.0.222:54997]...

Player connection [31724] Host "[IP] 192.168.56.1 [Port] 0 [Flags] 2 [Guid] 2358957934 [EditorId] 2358957934 [Version] 1048832 [Id] WindowsEditor(7,Tim) [Debug] 1 [PackageName] WindowsEditor [ProjectName] Editor" joined alternative multi-casting on [225.0.0.222:34997]...

Refreshing native plugins compatible for Editor in 3.06 ms, found 2 plugins.
Preloading 0 native plugins for Editor in 0.00 ms.
Initialize engine version: 2022.2.15f1 (30d813e1a2a9)
[Subsystems] Discovering subsystems at path C:/Program Files/Unity/Hub/Editor/2022.2.15f1/Editor/Data/Resources/UnitySubsystems
[Subsystems] Discovering subsystems at path C:/Users/thema/Unity Project Files/PGGE-A1-Practical/Assignment1_UnityProject/Assets
GfxDevice: creating device client; threaded=0; jobified=0
Direct3D:
    Version:  Direct3D 11.0 [level 11.1]
    Renderer: NVIDIA GeForce GTX 1650 (ID=0x1f9d)
    Vendor:   NVIDIA
    VRAM:     3952 MB
    Driver:   31.0.15.3197
Initialize mono
Mono path[0] = 'C:/Program Files/Unity/Hub/Editor/2022.2.15f1/Editor/Data/Managed'
Mono path[1] = 'C:/Program Files/Unity/Hub/Editor/2022.2.15f1/Editor/Data/MonoBleedingEdge/lib/mono/unityjit-win32'
Mono config path = 'C:/Program Files/Unity/Hub/Editor/2022.2.15f1/Editor/Data/MonoBleedingEdge/etc'
Using monoOptions --debugger-agent=transport=dt_socket,embedding=1,server=y,suspend=n,address=127.0.0.1:56348
Begin MonoManager ReloadAssembly
Registering precompiled unity dll's ...
Register platform support module: C:/Program Files/Unity/Hub/Editor/2022.2.15f1/Editor/Data/PlaybackEngines/WindowsStandaloneSupport/UnityEditor.WindowsStandalone.Extensions.dll
Registered in 0.005424 seconds.
- Loaded All Assemblies, in  0.289 seconds
Native extension for WindowsStandalone target not found
Mono: successfully reloaded assembly
- Finished resetting the current domain, in  0.237 seconds
Domain Reload Profiling:
	ReloadAssembly (173ms)
		BeginReloadAssembly (77ms)
			ExecutionOrderSort (0ms)
			DisableScriptedObjects (0ms)
			BackupInstance (0ms)
			ReleaseScriptingObjects (0ms)
			CreateAndSetChildDomain (1ms)
		LoadAllAssembliesAndSetupDomain (0ms)
			LoadAssemblies (75ms)
			RebuildTransferFunctionScriptingTraits (0ms)
			SetupTypeCache (111ms)
				TypeCache.Initialize (110ms)
					TypeCache.ScanAssembly (109ms)
				ResolveRequiredComponents (0ms)
		FinalizeReload (0ms)
			ReleaseScriptCaches (0ms)
			RebuildScriptCaches (0ms)
			SetupLoadedEditorAssemblies (184ms)
				LogAssemblyErrors (0ms)
				InitializePlatformSupportModulesInManaged (7ms)
				SetLoadedEditorAssemblies (7ms)
				RefreshPlugins (0ms)
				BeforeProcessingInitializeOnLoad (1ms)
				ProcessInitializeOnLoadAttributes (127ms)
				ProcessInitializeOnLoadMethodAttributes (42ms)
				AfterProcessingInitializeOnLoad (0ms)
				EditorAssembliesLoaded (0ms)
			ExecutionOrderSort2 (0ms)
			AwakeInstancesAfterBackupRestoration (0ms)
========================================================================
Worker process is ready to serve import requests
Begin MonoManager ReloadAssembly
- Loaded All Assemblies, in  0.502 seconds
Refreshing native plugins compatible for Editor in 1.91 ms, found 2 plugins.
Native extension for WindowsStandalone target not found
Mono: successfully reloaded assembly
- Finished resetting the current domain, in  0.410 seconds
Domain Reload Profiling:
	ReloadAssembly (193ms)
		BeginReloadAssembly (120ms)
			ExecutionOrderSort (0ms)
			DisableScriptedObjects (5ms)
			BackupInstance (0ms)
			ReleaseScriptingObjects (0ms)
			CreateAndSetChildDomain (27ms)
		LoadAllAssembliesAndSetupDomain (308ms)
			LoadAssemblies (198ms)
			RebuildTransferFunctionScriptingTraits (0ms)
			SetupTypeCache (163ms)
				TypeCache.Initialize (154ms)
					TypeCache.ScanAssembly (150ms)
				ResolveRequiredComponents (2ms)
		FinalizeReload (0ms)
			ReleaseScriptCaches (0ms)
			RebuildScriptCaches (0ms)
			SetupLoadedEditorAssemblies (273ms)
				LogAssemblyErrors (0ms)
				InitializePlatformSupportModulesInManaged (5ms)
				SetLoadedEditorAssemblies (4ms)
				RefreshPlugins (0ms)
				BeforeProcessingInitializeOnLoad (38ms)
				ProcessInitializeOnLoadAttributes (204ms)
				ProcessInitializeOnLoadMethodAttributes (17ms)
				AfterProcessingInitializeOnLoad (5ms)
				EditorAssembliesLoaded (0ms)
			ExecutionOrderSort2 (0ms)
			AwakeInstancesAfterBackupRestoration (9ms)
Launched and connected shader compiler UnityShaderCompiler.exe after 0.05 seconds
Refreshing native plugins compatible for Editor in 1.28 ms, found 2 plugins.
Preloading 0 native plugins for Editor in 0.00 ms.
Unloading 1417 Unused Serialized files (Serialized files now loaded: 0)
Unloading 21 unused Assets / (63.1 KB). Loaded Objects now: 1889.
Memory consumption went from 71.6 MB to 71.5 MB.
Total: 2.995000 ms (FindLiveObjects: 0.144800 ms CreateObjectMapping: 0.040600 ms MarkObjects: 2.718300 ms  DeleteObjects: 0.090000 ms)

AssetImportParameters requested are different than current active one (requested -> active):
  custom:video-encoder-webm-vp8: eb34c28f22e8b96e1ab97ce403110664 -> 
  custom:video-decoder-webm-vp8: 9c59270c3fd7afecdb556c50c9e8de78 -> 
  custom:audio-decoder-ogg-vorbis: bf7c407c2cedff20999df2af8eb42d56 -> 
  custom:container-demuxer-ogg: 62fdf1f143b41e24485cea50d1cbac27 -> 
  custom:AudioImporter_EditorPlatform: d09bf68614088b80899f8185d706f6e7 -> 
  custom:container-demuxer-webm: 4f35f7cbe854078d1ac9338744f61a02 -> 
  custom:video-codec-MediaFoundation-h265: 746d11721c4dcdbdad8f713fa42b33f4 -> 
  custom:video-decoder-ogg-theora: a1e56fd34408186e4bbccfd4996cb3dc -> 
  custom:audio-encoder-webm-vorbis: bf7c407c2cedff20999df2af8eb42d56 -> 
  custom:framework-win-MediaFoundation: 216162199b28c13a410421893ffa2e32 -> 
  custom:container-muxer-webm: aa71ff27fc2769a1b78a27578f13a17b -> 
========================================================================
Received Import Request.
  Time since last request: 910387.099408 seconds.
  path: Assets/SciFiWarriorPBRHPPolyart
  artifactKey: Guid(90463c4d57a22e641b6aefdaa9cd68e6) Importer(815301076,1909f56bfc062723c751e8b465ee728b)
Start importing Assets/SciFiWarriorPBRHPPolyart using Guid(90463c4d57a22e641b6aefdaa9cd68e6) Importer(815301076,1909f56bfc062723c751e8b465ee728b)  -> (artifact id: 'e6a5cc3e0f3abab3776d1e53da97627f') in 0.001875 seconds
Number of updated asset objects reloaded before import = 0
Number of asset objects unloaded after import = 0
========================================================================
Received Import Request.
  Time since last request: 376.384251 seconds.
  path: Assets/Martial Arts Assets Free/Prefabs/Black Ninja.prefab
  artifactKey: Guid(734cc7b3bcf18430e914f983a4108584) Importer(815301076,1909f56bfc062723c751e8b465ee728b)
Start importing Assets/Martial Arts Assets Free/Prefabs/Black Ninja.prefab using Guid(734cc7b3bcf18430e914f983a4108584) Importer(815301076,1909f56bfc062723c751e8b465ee728b)  -> (artifact id: '65c0d4f8353f9e40bd299740e41f6923') in 0.137338 seconds
Number of updated asset objects reloaded before import = 0
Number of asset objects unloaded after import = 209
========================================================================
Received Import Request.
  Time since last request: 0.000028 seconds.
  path: Assets/Martial Arts Assets Free/Prefabs/Boss 2.prefab
  artifactKey: Guid(e62c6cf92dc0c49cabbaa9e8c1d1379d) Importer(815301076,1909f56bfc062723c751e8b465ee728b)
Start importing Assets/Martial Arts Assets Free/Prefabs/Boss 2.prefab using Guid(e62c6cf92dc0c49cabbaa9e8c1d1379d) Importer(815301076,1909f56bfc062723c751e8b465ee728b)  -> (artifact id: '4e17aaf7101fce7445a1d3bd220698c3') in 0.043498 seconds
Number of updated asset objects reloaded before import = 0
Number of asset objects unloaded after import = 210
========================================================================
Received Import Request.
  Time since last request: 0.000032 seconds.
  path: Assets/Martial Arts Assets Free/Prefabs/Player 1.prefab
  artifactKey: Guid(383c0a12e32514b09bc5645b904558e3) Importer(815301076,1909f56bfc062723c751e8b465ee728b)
Start importing Assets/Martial Arts Assets Free/Prefabs/Player 1.prefab using Guid(383c0a12e32514b09bc5645b904558e3) Importer(815301076,1909f56bfc062723c751e8b465ee728b)  -> (artifact id: '35fd3c318339ac2375b8bd9ec59ea427') in 0.028859 seconds
Number of updated asset objects reloaded before import = 0
Number of asset objects unloaded after import = 211
========================================================================
Received Import Request.
  Time since last request: 0.000025 seconds.
  path: Assets/Martial Arts Assets Free/Prefabs/Player 2.prefab
  artifactKey: Guid(71d852accb4d2493fbff7b8e12b7769e) Importer(815301076,1909f56bfc062723c751e8b465ee728b)
Start importing Assets/Martial Arts Assets Free/Prefabs/Player 2.prefab using Guid(71d852accb4d2493fbff7b8e12b7769e) Importer(815301076,1909f56bfc062723c751e8b465ee728b)  -> (artifact id: '485a06cb66302010567f506b63e76305') in 0.025246 seconds
Number of updated asset objects reloaded before import = 0
Number of asset objects unloaded after import = 212
========================================================================
Received Import Request.
  Time since last request: 0.000020 seconds.
  path: Assets/Martial Arts Assets Free/Prefabs/Boss 1.prefab
  artifactKey: Guid(fcfdf5bf9ca334cf2a9547f2762b6c2b) Importer(815301076,1909f56bfc062723c751e8b465ee728b)
Start importing Assets/Martial Arts Assets Free/Prefabs/Boss 1.prefab using Guid(fcfdf5bf9ca334cf2a9547f2762b6c2b) Importer(815301076,1909f56bfc062723c751e8b465ee728b)  -> (artifact id: '07e049fb8c825305dbd4db3db10b3c82') in 0.026034 seconds
Number of updated asset objects reloaded before import = 0
Number of asset objects unloaded after import = 211
========================================================================
Received Import Request.
  Time since last request: 0.000027 seconds.
  path: Assets/Martial Arts Assets Free/Prefabs/Guard 3.prefab
  artifactKey: Guid(95bacdddb21c14bfe8b4ae204dc6e5a8) Importer(815301076,1909f56bfc062723c751e8b465ee728b)
Start importing Assets/Martial Arts Assets Free/Prefabs/Guard 3.prefab using Guid(95bacdddb21c14bfe8b4ae204dc6e5a8) Importer(815301076,1909f56bfc062723c751e8b465ee728b)  -> (artifact id: '86ee4d7091fcf2f736a0b151ab66fc41') in 0.025999 seconds
Number of updated asset objects reloaded before import = 0
Number of asset objects unloaded after import = 211
========================================================================
Received Import Request.
  Time since last request: 0.000021 seconds.
  path: Assets/Martial Arts Assets Free/Prefabs/Player 3.prefab
  artifactKey: Guid(1f0c4e3812e594747bde16c9d1627cce) Importer(815301076,1909f56bfc062723c751e8b465ee728b)
Start importing Assets/Martial Arts Assets Free/Prefabs/Player 3.prefab using Guid(1f0c4e3812e594747bde16c9d1627cce) Importer(815301076,1909f56bfc062723c751e8b465ee728b)  -> (artifact id: 'eb276f983b13c4bcb17e3cc8f2bf7e8a') in 0.025674 seconds
Number of updated asset objects reloaded before import = 0
Number of asset objects unloaded after import = 211
========================================================================
Received Import Request.
  Time since last request: 28.794788 seconds.
  path: Assets/Martial Arts Assets Free/Models/Model Materials/Brown.mat
  artifactKey: Guid(50c1694776ae74853a6560f0ca119c01) Importer(815301076,1909f56bfc062723c751e8b465ee728b)
Start importing Assets/Martial Arts Assets Free/Models/Model Materials/Brown.mat using Guid(50c1694776ae74853a6560f0ca119c01) Importer(815301076,1909f56bfc062723c751e8b465ee728b)  -> (artifact id: '33418be4050914dda7bd34d884b61766') in 0.026121 seconds
Number of updated asset objects reloaded before import = 0
Number of asset objects unloaded after import = 1
========================================================================
Received Import Request.
  Time since last request: 0.000017 seconds.
  path: Assets/Martial Arts Assets Free/Models/Model Materials/Red.mat
  artifactKey: Guid(7aa82b6351277428a8b642f5b86e0b28) Importer(815301076,1909f56bfc062723c751e8b465ee728b)
Start importing Assets/Martial Arts Assets Free/Models/Model Materials/Red.mat using Guid(7aa82b6351277428a8b642f5b86e0b28) Importer(815301076,1909f56bfc062723c751e8b465ee728b)  -> (artifact id: '9de487bc26e84b39efdce347c52f5b00') in 0.012666 seconds
Number of updated asset objects reloaded before import = 0
Number of asset objects unloaded after import = 1
========================================================================
Received Import Request.
  Time since last request: 426.018861 seconds.
  path: Assets/asoliddev - Low Poly Fantasy Warrior/Materials/hair black.mat
  artifactKey: Guid(3de20cd2bfe6ad54995bad6ff86711bd) Importer(815301076,1909f56bfc062723c751e8b465ee728b)
Start importing Assets/asoliddev - Low Poly Fantasy Warrior/Materials/hair black.mat using Guid(3de20cd2bfe6ad54995bad6ff86711bd) Importer(815301076,1909f56bfc062723c751e8b465ee728b)  -> (artifact id: '6e21f8b750b3facd6b54b366cbd37911') in 0.015904 seconds
Number of updated asset objects reloaded before import = 0
Number of asset objects unloaded after import = 1
========================================================================
Received Import Request.
  Time since last request: 0.000023 seconds.
  path: Assets/asoliddev - Low Poly Fantasy Warrior/Materials/wood 1.mat
  artifactKey: Guid(503c6f670c203db48a23fe90bda5f7d8) Importer(815301076,1909f56bfc062723c751e8b465ee728b)
Start importing Assets/asoliddev - Low Poly Fantasy Warrior/Materials/wood 1.mat using Guid(503c6f670c203db48a23fe90bda5f7d8) Importer(815301076,1909f56bfc062723c751e8b465ee728b)  -> (artifact id: 'ca3808c9d896d2cfbff9361311b6c035') in 0.017535 seconds
Number of updated asset objects reloaded before import = 0
Number of asset objects unloaded after import = 1
========================================================================
Received Import Request.
  Time since last request: 0.000022 seconds.
  path: Assets/asoliddev - Low Poly Fantasy Warrior/Materials/steel comp.mat
  artifactKey: Guid(fa6668f31c28422448789850cd2a71fc) Importer(815301076,1909f56bfc062723c751e8b465ee728b)
Start importing Assets/asoliddev - Low Poly Fantasy Warrior/Materials/steel comp.mat using Guid(fa6668f31c28422448789850cd2a71fc) Importer(815301076,1909f56bfc062723c751e8b465ee728b)  -> (artifact id: '29369947a935eb4ce8c53614385ab841') in 0.020803 seconds
Number of updated asset objects reloaded before import = 0
Number of asset objects unloaded after import = 1
========================================================================
Received Import Request.
  Time since last request: 0.000033 seconds.
  path: Assets/asoliddev - Low Poly Fantasy Warrior/Materials/leather 5.mat
  artifactKey: Guid(921663dfebf9c824f8503f6b137800de) Importer(815301076,1909f56bfc062723c751e8b465ee728b)
Start importing Assets/asoliddev - Low Poly Fantasy Warrior/Materials/leather 5.mat using Guid(921663dfebf9c824f8503f6b137800de) Importer(815301076,1909f56bfc062723c751e8b465ee728b)  -> (artifact id: '40c75103251ca802b648931eef2876ab') in 0.019365 seconds
Number of updated asset objects reloaded before import = 0
Number of asset objects unloaded after import = 1
========================================================================
Received Import Request.
  Time since last request: 0.000014 seconds.
  path: Assets/asoliddev - Low Poly Fantasy Warrior/Materials/leather 2.mat
  artifactKey: Guid(7e2ed5bd7bfdf7f43b0195921253a7bb) Importer(815301076,1909f56bfc062723c751e8b465ee728b)
Start importing Assets/asoliddev - Low Poly Fantasy Warrior/Materials/leather 2.mat using Guid(7e2ed5bd7bfdf7f43b0195921253a7bb) Importer(815301076,1909f56bfc062723c751e8b465ee728b)  -> (artifact id: '53a590b5cb3972a58eb764b7009edf2c') in 0.020947 seconds
Number of updated asset objects reloaded before import = 0
Number of asset objects unloaded after import = 1
Editor requested this worker to shutdown with reason: Scaling down because of idle timeout
TcpMessagingSession - receive error: operation aborted. errorcode: 995, details: The I/O operation has been aborted because of either a thread exit or an application request.
AssetImportWorker is now disconnected from the server
Process exiting
Exiting without the bug reporter. Application will terminate with return code 0